# JRE version: Java(TM) SE Runtime Environment (8.0_144-b01) (build 1.8.0_144-b01)
# Java VM: Java HotSpot(TM) Client VM (25.144-b01 mixed mode windows-x86 )
Heap:
 def new generation   total 4928K, used 2147K [0x06800000, 0x06d50000, 0x0bd50000)
  eden space 4416K,  40% used [0x06800000, 0x069bb050, 0x06c50000)
  from space 512K,  73% used [0x06cd0000, 0x06d2df78, 0x06d50000)
  to   space 512K,   0% used [0x06c50000, 0x06c50000, 0x06cd0000)
 tenured generation   total 10944K, used 4235K [0x0bd50000, 0x0c800000, 0x16800000)
   the space 10944K,  38% used [0x0bd50000, 0x0c172dc8, 0x0c172e00, 0x0c800000)
 Metaspace       used 7729K, capacity 7930K, committed 8064K, reserved 8576K
GC Heap History (10 events):
Event: 13.904 GC heap before
{Heap before GC invocations=2 (full 0):
 def new generation   total 4928K, used 4817K [0x06800000, 0x06d50000, 0x0bd50000)
  eden space 4416K, 100% used [0x06800000, 0x06c50000, 0x06c50000)
  from space 512K,  78% used [0x06c50000, 0x06cb4570, 0x06cd0000)
  to   space 512K,   0% used [0x06cd0000, 0x06cd0000, 0x06d50000)
 tenured generation   total 10944K, used 2712K [0x0bd50000, 0x0c800000, 0x16800000)
   the space 10944K,  24% used [0x0bd50000, 0x0bff6260, 0x0bff6400, 0x0c800000)
 Metaspace       used 7727K, capacity 7930K, committed 8064K, reserved 8576K
Event: 13.906 GC heap after
Heap after GC invocations=3 (full 0):
 def new generation   total 4928K, used 403K [0x06800000, 0x06d50000, 0x0bd50000)
  eden space 4416K,   0% used [0x06800000, 0x06800000, 0x06c50000)
  from space 512K,  78% used [0x06cd0000, 0x06d34f78, 0x06d50000)
  to   space 512K,   0% used [0x06c50000, 0x06c50000, 0x06cd0000)
 tenured generation   total 10944K, used 3091K [0x0bd50000, 0x0c800000, 0x16800000)
   the space 10944K,  28% used [0x0bd50000, 0x0c054ec8, 0x0c055000, 0x0c800000)
 Metaspace       used 7727K, capacity 7930K, committed 8064K, reserved 8576K
}
Event: 19.110 GC heap before
{Heap before GC invocations=3 (full 0):
 def new generation   total 4928K, used 4819K [0x06800000, 0x06d50000, 0x0bd50000)
  eden space 4416K, 100% used [0x06800000, 0x06c50000, 0x06c50000)
  from space 512K,  78% used [0x06cd0000, 0x06d34f78, 0x06d50000)
  to   space 512K,   0% used [0x06c50000, 0x06c50000, 0x06cd0000)
 tenured generation   total 10944K, used 3091K [0x0bd50000, 0x0c800000, 0x16800000)
   the space 10944K,  28% used [0x0bd50000, 0x0c054ec8, 0x0c055000, 0x0c800000)
 Metaspace       used 7727K, capacity 7930K, committed 8064K, reserved 8576K
Event: 19.111 GC heap after
Heap after GC invocations=4 (full 0):
 def new generation   total 4928K, used 346K [0x06800000, 0x06d50000, 0x0bd50000)
  eden space 4416K,   0% used [0x06800000, 0x06800000, 0x06c50000)
  from space 512K,  67% used [0x06c50000, 0x06ca6988, 0x06cd0000)
  to   space 512K,   0% used [0x06cd0000, 0x06cd0000, 0x06d50000)
 tenured generation   total 10944K, used 3387K [0x0bd50000, 0x0c800000, 0x16800000)
   the space 10944K,  30% used [0x0bd50000, 0x0c09ecb8, 0x0c09ee00, 0x0c800000)
 Metaspace       used 7727K, capacity 7930K, committed 8064K, reserved 8576K
}
Event: 26.887 GC heap before
{Heap before GC invocations=4 (full 0):
 def new generation   total 4928K, used 4762K [0x06800000, 0x06d50000, 0x0bd50000)
  eden space 4416K, 100% used [0x06800000, 0x06c50000, 0x06c50000)
  from space 512K,  67% used [0x06c50000, 0x06ca6988, 0x06cd0000)
  to   space 512K,   0% used [0x06cd0000, 0x06cd0000, 0x06d50000)
 tenured generation   total 10944K, used 3387K [0x0bd50000, 0x0c800000, 0x16800000)
   the space 10944K,  30% used [0x0bd50000, 0x0c09ecb8, 0x0c09ee00, 0x0c800000)
 Metaspace       used 7727K, capacity 7930K, committed 8064K, reserved 8576K
Event: 26.888 GC heap after
Heap after GC invocations=5 (full 0):
 def new generation   total 4928K, used 381K [0x06800000, 0x06d50000, 0x0bd50000)
  eden space 4416K,   0% used [0x06800000, 0x06800000, 0x06c50000)
  from space 512K,  74% used [0x06cd0000, 0x06d2f6d0, 0x06d50000)
  to   space 512K,   0% used [0x06c50000, 0x06c50000, 0x06cd0000)
 tenured generation   total 10944K, used 3576K [0x0bd50000, 0x0c800000, 0x16800000)
   the space 10944K,  32% used [0x0bd50000, 0x0c0ce1e0, 0x0c0ce200, 0x0c800000)
 Metaspace       used 7727K, capacity 7930K, committed 8064K, reserved 8576K
}
Event: 32.105 GC heap before
{Heap before GC invocations=5 (full 0):
 def new generation   total 4928K, used 4797K [0x06800000, 0x06d50000, 0x0bd50000)
  eden space 4416K, 100% used [0x06800000, 0x06c50000, 0x06c50000)
  from space 512K,  74% used [0x06cd0000, 0x06d2f6d0, 0x06d50000)
  to   space 512K,   0% used [0x06c50000, 0x06c50000, 0x06cd0000)
 tenured generation   total 10944K, used 3576K [0x0bd50000, 0x0c800000, 0x16800000)
   the space 10944K,  32% used [0x0bd50000, 0x0c0ce1e0, 0x0c0ce200, 0x0c800000)
 Metaspace       used 7727K, capacity 7930K, committed 8064K, reserved 8576K
Event: 32.107 GC heap after
Heap after GC invocations=6 (full 0):
 def new generation   total 4928K, used 180K [0x06800000, 0x06d50000, 0x0bd50000)
  eden space 4416K,   0% used [0x06800000, 0x06800000, 0x06c50000)
  from space 512K,  35% used [0x06c50000, 0x06c7d2e8, 0x06cd0000)
  to   space 512K,   0% used [0x06cd0000, 0x06cd0000, 0x06d50000)
 tenured generation   total 10944K, used 4235K [0x0bd50000, 0x0c800000, 0x16800000)
   the space 10944K,  38% used [0x0bd50000, 0x0c172dc8, 0x0c172e00, 0x0c800000)
 Metaspace       used 7727K, capacity 7930K, committed 8064K, reserved 8576K
}
Event: 39.283 GC heap before
{Heap before GC invocations=6 (full 0):
 def new generation   total 4928K, used 4596K [0x06800000, 0x06d50000, 0x0bd50000)
  eden space 4416K, 100% used [0x06800000, 0x06c50000, 0x06c50000)
  from space 512K,  35% used [0x06c50000, 0x06c7d2e8, 0x06cd0000)
  to   space 512K,   0% used [0x06cd0000, 0x06cd0000, 0x06d50000)
 tenured generation   total 10944K, used 4235K [0x0bd50000, 0x0c800000, 0x16800000)
   the space 10944K,  38% used [0x0bd50000, 0x0c172dc8, 0x0c172e00, 0x0c800000)
 Metaspace       used 7729K, capacity 7930K, committed 8064K, reserved 8576K
Event: 39.285 GC heap after
Heap after GC invocations=7 (full 0):
 def new generation   total 4928K, used 375K [0x06800000, 0x06d50000, 0x0bd50000)
  eden space 4416K,   0% used [0x06800000, 0x06800000, 0x06c50000)
  from space 512K,  73% used [0x06cd0000, 0x06d2df78, 0x06d50000)
  to   space 512K,   0% used [0x06c50000, 0x06c50000, 0x06cd0000)
 tenured generation   total 10944K, used 4235K [0x0bd50000, 0x0c800000, 0x16800000)
   the space 10944K,  38% used [0x0bd50000, 0x0c172dc8, 0x0c172e00, 0x0c800000)
 Metaspace       used 7729K, capacity 7930K, committed 8064K, reserved 8576K
}

