# JRE version: Java(TM) SE Runtime Environment (8.0_144-b01) (build 1.8.0_144-b01)
# Java VM: Java HotSpot(TM) Client VM (25.144-b01 mixed mode windows-x86 )
Heap:
 def new generation   total 4928K, used 1513K [0x06c00000, 0x07150000, 0x0c150000)
  eden space 4416K,  26% used [0x06c00000, 0x06d20570, 0x07050000)
  from space 512K,  70% used [0x070d0000, 0x0712a048, 0x07150000)
  to   space 512K,   0% used [0x07050000, 0x07050000, 0x070d0000)
 tenured generation   total 10944K, used 3073K [0x0c150000, 0x0cc00000, 0x16c00000)
   the space 10944K,  28% used [0x0c150000, 0x0c4507d0, 0x0c450800, 0x0cc00000)
 Metaspace       used 7725K, capacity 7930K, committed 8064K, reserved 8576K
GC Heap History (6 events):
Event: 0.385 GC heap before
{Heap before GC invocations=0 (full 0):
 def new generation   total 4928K, used 4416K [0x06c00000, 0x07150000, 0x0c150000)
  eden space 4416K, 100% used [0x06c00000, 0x07050000, 0x07050000)
  from space 512K,   0% used [0x07050000, 0x07050000, 0x070d0000)
  to   space 512K,   0% used [0x070d0000, 0x070d0000, 0x07150000)
 tenured generation   total 10944K, used 0K [0x0c150000, 0x0cc00000, 0x16c00000)
   the space 10944K,   0% used [0x0c150000, 0x0c150000, 0x0c150200, 0x0cc00000)
 Metaspace       used 6872K, capacity 7055K, committed 7168K, reserved 7552K
Event: 0.391 GC heap after
Heap after GC invocations=1 (full 0):
 def new generation   total 4928K, used 512K [0x06c00000, 0x07150000, 0x0c150000)
  eden space 4416K,   0% used [0x06c00000, 0x06c00000, 0x07050000)
  from space 512K, 100% used [0x070d0000, 0x07150000, 0x07150000)
  to   space 512K,   0% used [0x07050000, 0x07050000, 0x070d0000)
 tenured generation   total 10944K, used 1114K [0x0c150000, 0x0cc00000, 0x16c00000)
   the space 10944K,  10% used [0x0c150000, 0x0c2669c0, 0x0c266a00, 0x0cc00000)
 Metaspace       used 6872K, capacity 7055K, committed 7168K, reserved 7552K
}
Event: 6.263 GC heap before
{Heap before GC invocations=1 (full 0):
 def new generation   total 4928K, used 4928K [0x06c00000, 0x07150000, 0x0c150000)
  eden space 4416K, 100% used [0x06c00000, 0x07050000, 0x07050000)
  from space 512K, 100% used [0x070d0000, 0x07150000, 0x07150000)
  to   space 512K,   0% used [0x07050000, 0x07050000, 0x070d0000)
 tenured generation   total 10944K, used 1114K [0x0c150000, 0x0cc00000, 0x16c00000)
   the space 10944K,  10% used [0x0c150000, 0x0c2669c0, 0x0c266a00, 0x0cc00000)
 Metaspace       used 7688K, capacity 7863K, committed 7936K, reserved 8576K
Event: 6.268 GC heap after
Heap after GC invocations=2 (full 0):
 def new generation   total 4928K, used 382K [0x06c00000, 0x07150000, 0x0c150000)
  eden space 4416K,   0% used [0x06c00000, 0x06c00000, 0x07050000)
  from space 512K,  74% used [0x07050000, 0x070afa30, 0x070d0000)
  to   space 512K,   0% used [0x070d0000, 0x070d0000, 0x07150000)
 tenured generation   total 10944K, used 2712K [0x0c150000, 0x0cc00000, 0x16c00000)
   the space 10944K,  24% used [0x0c150000, 0x0c3f60d0, 0x0c3f6200, 0x0cc00000)
 Metaspace       used 7688K, capacity 7863K, committed 7936K, reserved 8576K
}
Event: 30.890 GC heap before
{Heap before GC invocations=2 (full 0):
 def new generation   total 4928K, used 4798K [0x06c00000, 0x07150000, 0x0c150000)
  eden space 4416K, 100% used [0x06c00000, 0x07050000, 0x07050000)
  from space 512K,  74% used [0x07050000, 0x070afa30, 0x070d0000)
  to   space 512K,   0% used [0x070d0000, 0x070d0000, 0x07150000)
 tenured generation   total 10944K, used 2712K [0x0c150000, 0x0cc00000, 0x16c00000)
   the space 10944K,  24% used [0x0c150000, 0x0c3f60d0, 0x0c3f6200, 0x0cc00000)
 Metaspace       used 7724K, capacity 7930K, committed 8064K, reserved 8576K
Event: 30.893 GC heap after
Heap after GC invocations=3 (full 0):
 def new generation   total 4928K, used 360K [0x06c00000, 0x07150000, 0x0c150000)
  eden space 4416K,   0% used [0x06c00000, 0x06c00000, 0x07050000)
  from space 512K,  70% used [0x070d0000, 0x0712a048, 0x07150000)
  to   space 512K,   0% used [0x07050000, 0x07050000, 0x070d0000)
 tenured generation   total 10944K, used 3073K [0x0c150000, 0x0cc00000, 0x16c00000)
   the space 10944K,  28% used [0x0c150000, 0x0c4507d0, 0x0c450800, 0x0cc00000)
 Metaspace       used 7724K, capacity 7930K, committed 8064K, reserved 8576K
}

