# JRE version: Java(TM) SE Runtime Environment (8.0_144-b01) (build 1.8.0_144-b01)
# Java VM: Java HotSpot(TM) Client VM (25.144-b01 mixed mode, sharing windows-x86 )
Heap:
 def new generation   total 4928K, used 4428K [0x06600000, 0x06b50000, 0x0bb50000)
  eden space 4416K,  90% used [0x06600000, 0x069eaf60, 0x06a50000)
  from space 512K,  81% used [0x06a50000, 0x06ab80b8, 0x06ad0000)
  to   space 512K,   0% used [0x06ad0000, 0x06ad0000, 0x06b50000)
 tenured generation   total 10944K, used 2712K [0x0bb50000, 0x0c600000, 0x16600000)
   the space 10944K,  24% used [0x0bb50000, 0x0bdf62a8, 0x0bdf6400, 0x0c600000)
 Metaspace       used 1253K, capacity 2578K, committed 2624K, reserved 4480K
GC Heap History (4 events):
Event: 0.316 GC heap before
{Heap before GC invocations=0 (full 0):
 def new generation   total 4928K, used 4416K [0x06600000, 0x06b50000, 0x0bb50000)
  eden space 4416K, 100% used [0x06600000, 0x06a50000, 0x06a50000)
  from space 512K,   0% used [0x06a50000, 0x06a50000, 0x06ad0000)
  to   space 512K,   0% used [0x06ad0000, 0x06ad0000, 0x06b50000)
 tenured generation   total 10944K, used 0K [0x0bb50000, 0x0c600000, 0x16600000)
   the space 10944K,   0% used [0x0bb50000, 0x0bb50000, 0x0bb50200, 0x0c600000)
 Metaspace       used 948K, capacity 2535K, committed 2624K, reserved 4480K
Event: 0.324 GC heap after
Heap after GC invocations=1 (full 0):
 def new generation   total 4928K, used 512K [0x06600000, 0x06b50000, 0x0bb50000)
  eden space 4416K,   0% used [0x06600000, 0x06600000, 0x06a50000)
  from space 512K, 100% used [0x06ad0000, 0x06b50000, 0x06b50000)
  to   space 512K,   0% used [0x06a50000, 0x06a50000, 0x06ad0000)
 tenured generation   total 10944K, used 1114K [0x0bb50000, 0x0c600000, 0x16600000)
   the space 10944K,  10% used [0x0bb50000, 0x0bc66b38, 0x0bc66c00, 0x0c600000)
 Metaspace       used 948K, capacity 2535K, committed 2624K, reserved 4480K
}
Event: 5.708 GC heap before
{Heap before GC invocations=1 (full 0):
 def new generation   total 4928K, used 4919K [0x06600000, 0x06b50000, 0x0bb50000)
  eden space 4416K,  99% used [0x06600000, 0x06a4de50, 0x06a50000)
  from space 512K, 100% used [0x06ad0000, 0x06b50000, 0x06b50000)
  to   space 512K,   0% used [0x06a50000, 0x06a50000, 0x06ad0000)
 tenured generation   total 10944K, used 1114K [0x0bb50000, 0x0c600000, 0x16600000)
   the space 10944K,  10% used [0x0bb50000, 0x0bc66b38, 0x0bc66c00, 0x0c600000)
 Metaspace       used 1221K, capacity 2543K, committed 2624K, reserved 4480K
Event: 5.712 GC heap after
Heap after GC invocations=2 (full 0):
 def new generation   total 4928K, used 416K [0x06600000, 0x06b50000, 0x0bb50000)
  eden space 4416K,   0% used [0x06600000, 0x06600000, 0x06a50000)
  from space 512K,  81% used [0x06a50000, 0x06ab80b8, 0x06ad0000)
  to   space 512K,   0% used [0x06ad0000, 0x06ad0000, 0x06b50000)
 tenured generation   total 10944K, used 2712K [0x0bb50000, 0x0c600000, 0x16600000)
   the space 10944K,  24% used [0x0bb50000, 0x0bdf62a8, 0x0bdf6400, 0x0c600000)
 Metaspace       used 1221K, capacity 2543K, committed 2624K, reserved 4480K
}

