# JRE version: Java(TM) SE Runtime Environment (8.0_144-b01) (build 1.8.0_144-b01)
# Java VM: Java HotSpot(TM) Client VM (25.144-b01 mixed mode windows-x86 )
Heap:
 def new generation   total 4928K, used 703K [0x06e00000, 0x07350000, 0x0c350000)
  eden space 4416K,   7% used [0x06e00000, 0x06e4f2e0, 0x07250000)
  from space 512K,  75% used [0x072d0000, 0x07330c80, 0x07350000)
  to   space 512K,   0% used [0x07250000, 0x07250000, 0x072d0000)
 tenured generation   total 10944K, used 3058K [0x0c350000, 0x0ce00000, 0x16e00000)
   the space 10944K,  27% used [0x0c350000, 0x0c64cb60, 0x0c64cc00, 0x0ce00000)
 Metaspace       used 7729K, capacity 7930K, committed 8064K, reserved 8576K
GC Heap History (6 events):
Event: 0.384 GC heap before
{Heap before GC invocations=0 (full 0):
 def new generation   total 4928K, used 4416K [0x06e00000, 0x07350000, 0x0c350000)
  eden space 4416K, 100% used [0x06e00000, 0x07250000, 0x07250000)
  from space 512K,   0% used [0x07250000, 0x07250000, 0x072d0000)
  to   space 512K,   0% used [0x072d0000, 0x072d0000, 0x07350000)
 tenured generation   total 10944K, used 0K [0x0c350000, 0x0ce00000, 0x16e00000)
   the space 10944K,   0% used [0x0c350000, 0x0c350000, 0x0c350200, 0x0ce00000)
 Metaspace       used 6872K, capacity 7055K, committed 7168K, reserved 7552K
Event: 0.391 GC heap after
Heap after GC invocations=1 (full 0):
 def new generation   total 4928K, used 512K [0x06e00000, 0x07350000, 0x0c350000)
  eden space 4416K,   0% used [0x06e00000, 0x06e00000, 0x07250000)
  from space 512K, 100% used [0x072d0000, 0x07350000, 0x07350000)
  to   space 512K,   0% used [0x07250000, 0x07250000, 0x072d0000)
 tenured generation   total 10944K, used 1114K [0x0c350000, 0x0ce00000, 0x16e00000)
   the space 10944K,  10% used [0x0c350000, 0x0c466b50, 0x0c466c00, 0x0ce00000)
 Metaspace       used 6872K, capacity 7055K, committed 7168K, reserved 7552K
}
Event: 11.449 GC heap before
{Heap before GC invocations=1 (full 0):
 def new generation   total 4928K, used 4924K [0x06e00000, 0x07350000, 0x0c350000)
  eden space 4416K,  99% used [0x06e00000, 0x0724f050, 0x07250000)
  from space 512K, 100% used [0x072d0000, 0x07350000, 0x07350000)
  to   space 512K,   0% used [0x07250000, 0x07250000, 0x072d0000)
 tenured generation   total 10944K, used 1114K [0x0c350000, 0x0ce00000, 0x16e00000)
   the space 10944K,  10% used [0x0c350000, 0x0c466b50, 0x0c466c00, 0x0ce00000)
 Metaspace       used 7667K, capacity 7863K, committed 7936K, reserved 8576K
Event: 11.454 GC heap after
Heap after GC invocations=2 (full 0):
 def new generation   total 4928K, used 368K [0x06e00000, 0x07350000, 0x0c350000)
  eden space 4416K,   0% used [0x06e00000, 0x06e00000, 0x07250000)
  from space 512K,  71% used [0x07250000, 0x072ac200, 0x072d0000)
  to   space 512K,   0% used [0x072d0000, 0x072d0000, 0x07350000)
 tenured generation   total 10944K, used 2712K [0x0c350000, 0x0ce00000, 0x16e00000)
   the space 10944K,  24% used [0x0c350000, 0x0c5f6260, 0x0c5f6400, 0x0ce00000)
 Metaspace       used 7667K, capacity 7863K, committed 7936K, reserved 8576K
}
Event: 23.706 GC heap before
{Heap before GC invocations=2 (full 0):
 def new generation   total 4928K, used 4784K [0x06e00000, 0x07350000, 0x0c350000)
  eden space 4416K, 100% used [0x06e00000, 0x07250000, 0x07250000)
  from space 512K,  71% used [0x07250000, 0x072ac200, 0x072d0000)
  to   space 512K,   0% used [0x072d0000, 0x072d0000, 0x07350000)
 tenured generation   total 10944K, used 2712K [0x0c350000, 0x0ce00000, 0x16e00000)
   the space 10944K,  24% used [0x0c350000, 0x0c5f6260, 0x0c5f6400, 0x0ce00000)
 Metaspace       used 7729K, capacity 7930K, committed 8064K, reserved 8576K
Event: 23.708 GC heap after
Heap after GC invocations=3 (full 0):
 def new generation   total 4928K, used 387K [0x06e00000, 0x07350000, 0x0c350000)
  eden space 4416K,   0% used [0x06e00000, 0x06e00000, 0x07250000)
  from space 512K,  75% used [0x072d0000, 0x07330c80, 0x07350000)
  to   space 512K,   0% used [0x07250000, 0x07250000, 0x072d0000)
 tenured generation   total 10944K, used 3058K [0x0c350000, 0x0ce00000, 0x16e00000)
   the space 10944K,  27% used [0x0c350000, 0x0c64cb60, 0x0c64cc00, 0x0ce00000)
 Metaspace       used 7729K, capacity 7930K, committed 8064K, reserved 8576K
}

