# JRE version: Java(TM) SE Runtime Environment (8.0_144-b01) (build 1.8.0_144-b01)
# Java VM: Java HotSpot(TM) Client VM (25.144-b01 mixed mode, sharing windows-x86 )
Heap:
 def new generation   total 4928K, used 858K [0x06800000, 0x06d50000, 0x0bd50000)
  eden space 4416K,  10% used [0x06800000, 0x068742a8, 0x06c50000)
  from space 512K,  76% used [0x06cd0000, 0x06d32840, 0x06d50000)
  to   space 512K,   0% used [0x06c50000, 0x06c50000, 0x06cd0000)
 tenured generation   total 10944K, used 3092K [0x0bd50000, 0x0c800000, 0x16800000)
   the space 10944K,  28% used [0x0bd50000, 0x0c055298, 0x0c055400, 0x0c800000)
 Metaspace       used 1417K, capacity 2585K, committed 2624K, reserved 4480K
GC Heap History (6 events):
Event: 0.265 GC heap before
{Heap before GC invocations=0 (full 0):
 def new generation   total 4928K, used 4416K [0x06800000, 0x06d50000, 0x0bd50000)
  eden space 4416K, 100% used [0x06800000, 0x06c50000, 0x06c50000)
  from space 512K,   0% used [0x06c50000, 0x06c50000, 0x06cd0000)
  to   space 512K,   0% used [0x06cd0000, 0x06cd0000, 0x06d50000)
 tenured generation   total 10944K, used 0K [0x0bd50000, 0x0c800000, 0x16800000)
   the space 10944K,   0% used [0x0bd50000, 0x0bd50000, 0x0bd50200, 0x0c800000)
 Metaspace       used 948K, capacity 2535K, committed 2624K, reserved 4480K
Event: 0.272 GC heap after
Heap after GC invocations=1 (full 0):
 def new generation   total 4928K, used 512K [0x06800000, 0x06d50000, 0x0bd50000)
  eden space 4416K,   0% used [0x06800000, 0x06800000, 0x06c50000)
  from space 512K, 100% used [0x06cd0000, 0x06d50000, 0x06d50000)
  to   space 512K,   0% used [0x06c50000, 0x06c50000, 0x06cd0000)
 tenured generation   total 10944K, used 1116K [0x0bd50000, 0x0c800000, 0x16800000)
   the space 10944K,  10% used [0x0bd50000, 0x0be67228, 0x0be67400, 0x0c800000)
 Metaspace       used 948K, capacity 2535K, committed 2624K, reserved 4480K
}
Event: 4.662 GC heap before
{Heap before GC invocations=1 (full 0):
 def new generation   total 4928K, used 4928K [0x06800000, 0x06d50000, 0x0bd50000)
  eden space 4416K, 100% used [0x06800000, 0x06c50000, 0x06c50000)
  from space 512K, 100% used [0x06cd0000, 0x06d50000, 0x06d50000)
  to   space 512K,   0% used [0x06c50000, 0x06c50000, 0x06cd0000)
 tenured generation   total 10944K, used 1116K [0x0bd50000, 0x0c800000, 0x16800000)
   the space 10944K,  10% used [0x0bd50000, 0x0be67228, 0x0be67400, 0x0c800000)
 Metaspace       used 1226K, capacity 2543K, committed 2624K, reserved 4480K
Event: 4.669 GC heap after
Heap after GC invocations=2 (full 0):
 def new generation   total 4928K, used 400K [0x06800000, 0x06d50000, 0x0bd50000)
  eden space 4416K,   0% used [0x06800000, 0x06800000, 0x06c50000)
  from space 512K,  78% used [0x06c50000, 0x06cb41e0, 0x06cd0000)
  to   space 512K,   0% used [0x06cd0000, 0x06cd0000, 0x06d50000)
 tenured generation   total 10944K, used 2714K [0x0bd50000, 0x0c800000, 0x16800000)
   the space 10944K,  24% used [0x0bd50000, 0x0bff6938, 0x0bff6a00, 0x0c800000)
 Metaspace       used 1226K, capacity 2543K, committed 2624K, reserved 4480K
}
Event: 25.543 GC heap before
{Heap before GC invocations=2 (full 0):
 def new generation   total 4928K, used 4816K [0x06800000, 0x06d50000, 0x0bd50000)
  eden space 4416K, 100% used [0x06800000, 0x06c50000, 0x06c50000)
  from space 512K,  78% used [0x06c50000, 0x06cb41e0, 0x06cd0000)
  to   space 512K,   0% used [0x06cd0000, 0x06cd0000, 0x06d50000)
 tenured generation   total 10944K, used 2714K [0x0bd50000, 0x0c800000, 0x16800000)
   the space 10944K,  24% used [0x0bd50000, 0x0bff6938, 0x0bff6a00, 0x0c800000)
 Metaspace       used 1416K, capacity 2585K, committed 2624K, reserved 4480K
Event: 25.546 GC heap after
Heap after GC invocations=3 (full 0):
 def new generation   total 4928K, used 394K [0x06800000, 0x06d50000, 0x0bd50000)
  eden space 4416K,   0% used [0x06800000, 0x06800000, 0x06c50000)
  from space 512K,  76% used [0x06cd0000, 0x06d32840, 0x06d50000)
  to   space 512K,   0% used [0x06c50000, 0x06c50000, 0x06cd0000)
 tenured generation   total 10944K, used 3092K [0x0bd50000, 0x0c800000, 0x16800000)
   the space 10944K,  28% used [0x0bd50000, 0x0c055298, 0x0c055400, 0x0c800000)
 Metaspace       used 1416K, capacity 2585K, committed 2624K, reserved 4480K
}

