# JRE version: Java(TM) SE Runtime Environment (8.0_144-b01) (build 1.8.0_144-b01)
# Java VM: Java HotSpot(TM) Client VM (25.144-b01 mixed mode windows-x86 )
Heap:
 def new generation   total 4928K, used 2612K [0x07000000, 0x07550000, 0x0c550000)
  eden space 4416K,  50% used [0x07000000, 0x07228ac8, 0x07450000)
  from space 512K,  78% used [0x07450000, 0x074b4710, 0x074d0000)
  to   space 512K,   0% used [0x074d0000, 0x074d0000, 0x07550000)
 tenured generation   total 10944K, used 2722K [0x0c550000, 0x0d000000, 0x17000000)
   the space 10944K,  24% used [0x0c550000, 0x0c7f8948, 0x0c7f8a00, 0x0d000000)
 Metaspace       used 7726K, capacity 7930K, committed 8064K, reserved 8576K
GC Heap History (4 events):
Event: 0.397 GC heap before
{Heap before GC invocations=0 (full 0):
 def new generation   total 4928K, used 4416K [0x07000000, 0x07550000, 0x0c550000)
  eden space 4416K, 100% used [0x07000000, 0x07450000, 0x07450000)
  from space 512K,   0% used [0x07450000, 0x07450000, 0x074d0000)
  to   space 512K,   0% used [0x074d0000, 0x074d0000, 0x07550000)
 tenured generation   total 10944K, used 0K [0x0c550000, 0x0d000000, 0x17000000)
   the space 10944K,   0% used [0x0c550000, 0x0c550000, 0x0c550200, 0x0d000000)
 Metaspace       used 6870K, capacity 7055K, committed 7168K, reserved 7552K
Event: 0.403 GC heap after
Heap after GC invocations=1 (full 0):
 def new generation   total 4928K, used 512K [0x07000000, 0x07550000, 0x0c550000)
  eden space 4416K,   0% used [0x07000000, 0x07000000, 0x07450000)
  from space 512K, 100% used [0x074d0000, 0x07550000, 0x07550000)
  to   space 512K,   0% used [0x07450000, 0x07450000, 0x074d0000)
 tenured generation   total 10944K, used 1114K [0x0c550000, 0x0d000000, 0x17000000)
   the space 10944K,  10% used [0x0c550000, 0x0c666808, 0x0c666a00, 0x0d000000)
 Metaspace       used 6870K, capacity 7055K, committed 7168K, reserved 7552K
}
Event: 4.929 GC heap before
{Heap before GC invocations=1 (full 0):
 def new generation   total 4928K, used 4928K [0x07000000, 0x07550000, 0x0c550000)
  eden space 4416K, 100% used [0x07000000, 0x07450000, 0x07450000)
  from space 512K, 100% used [0x074d0000, 0x07550000, 0x07550000)
  to   space 512K,   0% used [0x07450000, 0x07450000, 0x074d0000)
 tenured generation   total 10944K, used 1114K [0x0c550000, 0x0d000000, 0x17000000)
   the space 10944K,  10% used [0x0c550000, 0x0c666808, 0x0c666a00, 0x0d000000)
 Metaspace       used 7694K, capacity 7895K, committed 7936K, reserved 8576K
Event: 4.933 GC heap after
Heap after GC invocations=2 (full 0):
 def new generation   total 4928K, used 401K [0x07000000, 0x07550000, 0x0c550000)
  eden space 4416K,   0% used [0x07000000, 0x07000000, 0x07450000)
  from space 512K,  78% used [0x07450000, 0x074b4710, 0x074d0000)
  to   space 512K,   0% used [0x074d0000, 0x074d0000, 0x07550000)
 tenured generation   total 10944K, used 2722K [0x0c550000, 0x0d000000, 0x17000000)
   the space 10944K,  24% used [0x0c550000, 0x0c7f8948, 0x0c7f8a00, 0x0d000000)
 Metaspace       used 7694K, capacity 7895K, committed 7936K, reserved 8576K
}

